<?xml version="1.0" encoding="UTF-8"?>
<!-- Generated by org.testng.reporters.JUnitReportReporter -->
<testsuite hostname="DESKTOP-BNIRTNQ" failures="0" tests="1" name="com.sauceDemo.TestClasses.TC001_VerifyLoginFunctionality" time="10.859" errors="0" timestamp="2022-08-04T22:05:14 IST" skipped="0">
  <testcase classname="com.sauceDemo.TestClasses.TC001_VerifyLoginFunctionality" name="loginFuntionality" time="10.859"/>
  <system-out/>
</testsuite> <!-- com.sauceDemo.TestClasses.TC001_VerifyLoginFunctionality -->
